<!doctype html>
<html lang="en">
  <head>
    <meta charset="utf-8">
    <meta http-equiv="X-UA-Compatible" content="IE=edge">
    <meta name="viewport" content="width=device-width, initial-scale=1">
    <title>Mochawesome Report Card</title>
    <link rel="stylesheet" href="css/mochawesome.css">
  </head>
  <body>
    <!-- NAVBAR -->
    <div class="navbar navbar-inverse navbar-fixed-top" role="navigation">
      <div class="container">
        <div class="report-info-cnt">
          <h1 class="report-title">WD_demo</h1>
          <h3 class="report-date">Tuesday, November 3 2015, 08:54am</h3>
        </div>
        <div class="quick-summary-cnt">
            <ul class="list-unstyled quick-summary">
              <li class="qs-item summary-duration" title="Duration">13.242<span>S</span></li>
              <li class="qs-item summary-suites" title="Suites">1</li>
              <li class="qs-item summary-tests" title="Tests">10</li>
              <li class="qs-item summary-passes" title="Passed" data-filter="passed">3</li>
              <li class="qs-item summary-failures" title="Failed" data-filter="failed">7</li>
              <li class="qs-item summary-pending" title="Pending" data-filter="pending">0</li>
            </ul>        </div>
      </div>
    </div>

    <!-- Report Summary -->
    <div class="summary">
      <div class="container">
          <div class="row">
            <div class="summary-col summary-duration">
              <h1 class="summary-count">13.242<span>S</span></h1>
              <h4 class="summary-label">S</h4>
            </div>
            <div class="summary-col summary-suites" title="Suites">
              <h1 class="summary-count">1</h1>
              <h4 class="summary-label">Suite</h4>
            </div>
            <div class="summary-col summary-tests" title="Tests">
              <h1 class="summary-count">10</h1>
              <h4 class="summary-label">Tests</h4>
            </div>
            <div class="summary-col summary-passes" data-filter="passed" title="Passed">
              <h1 class="summary-count">3</h1>
              <h4 class="summary-label">Passed</h4>
            </div>
            <div class="summary-col summary-failures" data-filter="failed" title="Failed">
              <h1 class="summary-count">7</h1>
              <h4 class="summary-label">Failed</h4>
            </div>
            <div class="summary-col summary-pending" data-filter="pending" title="Pending">
              <h1 class="summary-count">0</h1>
              <h4 class="summary-label">Pending</h4>
            </div>
          </div>      </div>
    </div>
    <div class="statusbar">
      <div class="container">
          <div class="row">
            <div class="status-item status-item-pending-pct">0% Pending</div>
            <div class="status-item status-item-passing-pct danger">30% Passing</div>
          </div>      </div>
    </div>

    <!-- Suites -->
    <div class="details container">
            <section class="suite-wrap">
          <div id="f419d2d0-7268-4d42-a605-e98fc1d14e9e" class="suite has-tests has-passed has-failed">
            <h3 class="suite-title">WD.js ad verification</h3>
            <h5 class="suite-filename">/test/index.js</h5>
            <!-- Suite Chart -->
            <div class="suite-chart-wrap">
              <canvas id="f419d2d0-7268-4d42-a605-e98fc1d14e9e" class="suite-chart" width="50" height="50" data-total-passes="3" data-total-failures="7" data-total-pending="0" data-total-skipped="0"></canvas>
            </div>
            <div class="suite-data-wrap">
              <!-- Suite Summary -->
              <ul class="suite-summary list-unstyled">
                <li class="suite-summary-item duration">10.838 s</li>
                <li class="suite-summary-item tests">10</li>
                <li class="suite-summary-item passed">3</li>
                <li class="suite-summary-item failed">7</li>
                <li class="suite-summary-item pending">0</li>
              </ul>
              <!-- Test Info -->
              <div class="suite-test-wrap">
                <div class="suite-test-header" data-toggle="collapse" data-target="#f419d2d0-7268-4d42-a605-e98fc1d14e9e-test-list">
                  <h4 class="suite-test-header-title">Tests</h4>
                </div>
                <div id="f419d2d0-7268-4d42-a605-e98fc1d14e9e-test-list" class="list-group test-list collapse in">
                    <div id="349b1b81-a65e-4707-a389-47e03f5979ca" class="list-group-item test passed">
          <!-- Test Heading -->
          <div class="test-heading">
            <h4 class="test-title">
              <span class="text-muted hidden"> it </span>
              home page loads
            </h4>
            <div class="pull-right">
              <button class="btn btn-link btn-sm toggle-btn toggle-code collapsed" data-toggle="collapse" data-target="#349b1b81-a65e-4707-a389-47e03f5979ca > .test-code.collapse">Code</button>
              <span class="test-duration slow">6.780 s</span>
            </div>
          </div>
          <!-- Test Errors -->
          <!-- Test Code -->
          <div class="test-code collapse">
            <pre><code class="hljs javascript small"><span class="hljs-keyword">return</span> driver.get(homePage)<br>    .title().should.eventually.become(<span class="hljs-string">"AJC.com: Atlanta News, Sports, Atlanta Weather, Business News | www.tie3.ajc.com"</span>);</code></pre>
          </div>
          <!-- Test Error Stack -->
        </div>            <div id="7b58b153-cbac-4293-ac41-62a085dcc2de" class="list-group-item test failed">
          <!-- Test Heading -->
          <div class="test-heading">
            <h4 class="test-title">
              <span class="text-muted hidden"> it </span>
              RP02 ad is &#x27;300x100&#x27;
            </h4>
            <div class="pull-right">
              <button class="btn btn-link btn-sm toggle-btn toggle-code collapsed" data-toggle="collapse" data-target="#7b58b153-cbac-4293-ac41-62a085dcc2de > .test-code.collapse">Code</button>
              <span class="test-duration ">1.34 s</span>
            </div>
          </div>
          <!-- Test Errors -->
            <p class="test-error-message">Error: [elementById(&quot;google_ads_iframe_11347122/www.ajc.com-wired/online/home_8&quot;)] Error response status: 7, , NoSuchElement - An element could not be located on the page using the given search parameters. Selenium error: no such element: Unable to locate element: {&quot;method&quot;:&quot;id&quot;,&quot;selector&quot;:&quot;google_ads_iframe_11347122/www.ajc.com-wired/online/home_8&quot;}
          (Session info: chrome=46.0.2490.80)
          (Driver info: chromedriver=2.19.346063 (38b35413bd4a486d436a9749e090454bc9ff6708),platform=Mac OS X 10.11.1 x86_64) (WARNING: The server did not provide any stacktrace information)
        Command duration or timeout: 15 milliseconds
        For documentation on this error, please visit: http://seleniumhq.org/exceptions/no_such_element.html
        Build info: version: &#x27;2.48.2&#x27;, revision: &#x27;41bccdd&#x27;, time: &#x27;2015-10-09 19:59:12&#x27;
        System info: host: &#x27;mroiens-MacBook-Pro.local&#x27;, ip: &#x27;192.168.1.22&#x27;, os.name: &#x27;Mac OS X&#x27;, os.arch: &#x27;x86_64&#x27;, os.version: &#x27;10.11.1&#x27;, java.version: &#x27;1.8.0_51&#x27;
        Driver info: org.openqa.selenium.chrome.ChromeDriver
        Capabilities [{applicationCacheEnabled=false, rotatable=false, mobileEmulationEnabled=false, chrome={userDataDir=/var/folders/m1/5df_85t162q75gn4z3_csf6w0000gp/T/.org.chromium.Chromium.gGn9io}, takesHeapSnapshot=true, databaseEnabled=false, handlesAlerts=true, hasTouchScreen=false, version=46.0.2490.80, platform=MAC, browserConnectionEnabled=false, nativeEvents=true, acceptSslCerts=true, locationContextEnabled=true, webStorageEnabled=true, browserName=chrome, takesScreenshot=true, javascriptEnabled=true, cssSelectorsEnabled=true}]
        Session ID: 6f25a248dc116c6d2d22360374d8aece
        *** Element info: {Using=id, value=google_ads_iframe_11347122/www.ajc.com-wired/online/home_8}
              <button class="btn btn-link btn-sm toggle-btn toggle-stack collapsed" data-toggle="collapse" data-target="#7b58b153-cbac-4293-ac41-62a085dcc2de > .test-error-stack.collapse">Stack</button>
            </p>
          <!-- Test Code -->
          <div class="test-code collapse">
            <pre><code class="hljs javascript small"><span class="hljs-keyword">var</span> testPass = <span class="hljs-literal">false</span>;<br>        <span class="hljs-keyword">return</span> driver<br>            .elementById(<span class="hljs-string">'google_ads_iframe_11347122/www.ajc.com-wired/online/home_8'</span>)<br>            .getSize().then(<span class="hljs-function"><span class="hljs-keyword">function</span>(<span class="hljs-params">dimension</span>)</span>{<br>                <span class="hljs-keyword">var</span> height = dimension.height;<br>                <span class="hljs-keyword">var</span> width = dimension.width;<br>                <span class="hljs-keyword">if</span> (height == <span class="hljs-number">100</span> &amp;&amp; width == <span class="hljs-number">300</span>) {<br>                    testPass = <span class="hljs-literal">true</span>;<br>                }<br>                assert.equal(testPass, <span class="hljs-literal">true</span>, <span class="hljs-string">"RP02 ad has a height of "</span> + height + <span class="hljs-string">" and a width of "</span> + width);<br>            })</code></pre>
          </div>
          <!-- Test Error Stack -->
          <div class="test-error-stack collapse">
            <pre><code class="hljs small"><span class="hljs-built_in">Error</span>: [elementById(<span class="hljs-string">"google_ads_iframe_11347122/www.ajc.com-wired/online/home_8"</span>)] <span class="hljs-built_in">Error</span> response status: <span class="hljs-number">7</span>, , NoSuchElement - An element could not be located on the page using the given search parameters. Selenium error: no such element: Unable to locate element: {<span class="hljs-string">"method"</span>:<span class="hljs-string">"id"</span>,<span class="hljs-string">"selector"</span>:<span class="hljs-string">"google_ads_iframe_11347122/www.ajc.com-wired/online/home_8"</span>}<br>  (Session info: chrome=<span class="hljs-number">46.0</span><span class="hljs-number">.2490</span><span class="hljs-number">.80</span>)<br>  (Driver info: chromedriver=<span class="hljs-number">2.19</span><span class="hljs-number">.346063</span> (<span class="hljs-number">38</span>b35413bd4a486d436a9749e090454bc9ff6708),platform=Mac OS X <span class="hljs-number">10.11</span><span class="hljs-number">.1</span> x86_64) (WARNING: The server did not provide any stacktrace information)<br>Command duration or timeout: <span class="hljs-number">15</span> milliseconds<br>For documentation on <span class="hljs-keyword">this</span> error, please visit: http:<span class="hljs-comment">//seleniumhq.org/exceptions/no_such_element.html</span><br>Build info: version: <span class="hljs-string">'2.48.2'</span>, revision: <span class="hljs-string">'41bccdd'</span>, time: <span class="hljs-string">'2015-10-09 19:59:12'</span><br>System info: host: <span class="hljs-string">'mroiens-MacBook-Pro.local'</span>, ip: <span class="hljs-string">'192.168.1.22'</span>, os.name: <span class="hljs-string">'Mac OS X'</span>, os.arch: <span class="hljs-string">'x86_64'</span>, os.version: <span class="hljs-string">'10.11.1'</span>, java.version: <span class="hljs-string">'1.8.0_51'</span><br>Driver info: org.openqa.selenium.chrome.ChromeDriver<br>Capabilities [{applicationCacheEnabled=<span class="hljs-literal">false</span>, rotatable=<span class="hljs-literal">false</span>, mobileEmulationEnabled=<span class="hljs-literal">false</span>, chrome={userDataDir=<span class="hljs-regexp">/var/</span>folders/m1/<span class="hljs-number">5</span>df_85t162q75gn4z3_csf6w0000gp/T/.org.chromium.Chromium.gGn9io}, takesHeapSnapshot=<span class="hljs-literal">true</span>, databaseEnabled=<span class="hljs-literal">false</span>, handlesAlerts=<span class="hljs-literal">true</span>, hasTouchScreen=<span class="hljs-literal">false</span>, version=<span class="hljs-number">46.0</span><span class="hljs-number">.2490</span><span class="hljs-number">.80</span>, platform=MAC, browserConnectionEnabled=<span class="hljs-literal">false</span>, nativeEvents=<span class="hljs-literal">true</span>, acceptSslCerts=<span class="hljs-literal">true</span>, locationContextEnabled=<span class="hljs-literal">true</span>, webStorageEnabled=<span class="hljs-literal">true</span>, browserName=chrome, takesScreenshot=<span class="hljs-literal">true</span>, javascriptEnabled=<span class="hljs-literal">true</span>, cssSelectorsEnabled=<span class="hljs-literal">true</span>}]<br>Session ID: <span class="hljs-number">6</span>f25a248dc116c6d2d22360374d8aece<br>*** Element info: {Using=id, value=google_ads_iframe_11347122/www.ajc.com-wired/online/home_8}<br>    at exports.newError (node_modules/wd/lib/utils.js:<span class="hljs-number">139</span>:<span class="hljs-number">13</span>)<br>    at node_modules/wd/lib/callbacks.js:<span class="hljs-number">75</span>:<span class="hljs-number">19</span><br>    at node_modules/wd/lib/webdriver.js:<span class="hljs-number">174</span>:<span class="hljs-number">5</span><br>    at Request._callback (node_modules/wd/lib/http-utils.js:<span class="hljs-number">87</span>:<span class="hljs-number">7</span>)<br>    at Request.self.callback (node_modules/wd/node_modules/request/request.js:<span class="hljs-number">368</span>:<span class="hljs-number">22</span>)<br>    at Request.&lt;anonymous&gt; (node_modules/wd/node_modules/request/request.js:<span class="hljs-number">1219</span>:<span class="hljs-number">14</span>)<br>    at IncomingMessage.&lt;anonymous&gt; (node_modules/wd/node_modules/request/request.js:<span class="hljs-number">1167</span>:<span class="hljs-number">12</span>)<br>    at endReadableNT (_stream_readable.js:<span class="hljs-number">903</span>:<span class="hljs-number">12</span>)</code></pre>
          </div>
        </div>            <div id="50677bef-35dc-42c6-845c-7eb0dc79a680" class="list-group-item test failed">
          <!-- Test Heading -->
          <div class="test-heading">
            <h4 class="test-title">
              <span class="text-muted hidden"> it </span>
              RP03 ad should have a valid width and height dimension of - &#x27;300x250&#x27;, &#x27;160x600&#x27;, &#x27;302x250&#x27;
            </h4>
            <div class="pull-right">
              <button class="btn btn-link btn-sm toggle-btn toggle-code collapsed" data-toggle="collapse" data-target="#50677bef-35dc-42c6-845c-7eb0dc79a680 > .test-code.collapse">Code</button>
              <span class="test-duration ">550 ms</span>
            </div>
          </div>
          <!-- Test Errors -->
            <p class="test-error-message">Error: [elementById(&quot;google_ads_iframe_11347122/www.ajc.com-wired/online/home_10&quot;)] Error response status: 7, , NoSuchElement - An element could not be located on the page using the given search parameters. Selenium error: no such element: Unable to locate element: {&quot;method&quot;:&quot;id&quot;,&quot;selector&quot;:&quot;google_ads_iframe_11347122/www.ajc.com-wired/online/home_10&quot;}
          (Session info: chrome=46.0.2490.80)
          (Driver info: chromedriver=2.19.346063 (38b35413bd4a486d436a9749e090454bc9ff6708),platform=Mac OS X 10.11.1 x86_64) (WARNING: The server did not provide any stacktrace information)
        Command duration or timeout: 20 milliseconds
        For documentation on this error, please visit: http://seleniumhq.org/exceptions/no_such_element.html
        Build info: version: &#x27;2.48.2&#x27;, revision: &#x27;41bccdd&#x27;, time: &#x27;2015-10-09 19:59:12&#x27;
        System info: host: &#x27;mroiens-MacBook-Pro.local&#x27;, ip: &#x27;192.168.1.22&#x27;, os.name: &#x27;Mac OS X&#x27;, os.arch: &#x27;x86_64&#x27;, os.version: &#x27;10.11.1&#x27;, java.version: &#x27;1.8.0_51&#x27;
        Driver info: org.openqa.selenium.chrome.ChromeDriver
        Capabilities [{applicationCacheEnabled=false, rotatable=false, mobileEmulationEnabled=false, chrome={userDataDir=/var/folders/m1/5df_85t162q75gn4z3_csf6w0000gp/T/.org.chromium.Chromium.gGn9io}, takesHeapSnapshot=true, databaseEnabled=false, handlesAlerts=true, hasTouchScreen=false, version=46.0.2490.80, platform=MAC, browserConnectionEnabled=false, nativeEvents=true, acceptSslCerts=true, locationContextEnabled=true, webStorageEnabled=true, browserName=chrome, takesScreenshot=true, javascriptEnabled=true, cssSelectorsEnabled=true}]
        Session ID: 6f25a248dc116c6d2d22360374d8aece
        *** Element info: {Using=id, value=google_ads_iframe_11347122/www.ajc.com-wired/online/home_10}
              <button class="btn btn-link btn-sm toggle-btn toggle-stack collapsed" data-toggle="collapse" data-target="#50677bef-35dc-42c6-845c-7eb0dc79a680 > .test-error-stack.collapse">Stack</button>
            </p>
          <!-- Test Code -->
          <div class="test-code collapse">
            <pre><code class="hljs javascript small"><span class="hljs-keyword">var</span> testPass = <span class="hljs-literal">false</span>;<br>        <span class="hljs-keyword">return</span> driver.elementById(<span class="hljs-string">'google_ads_iframe_11347122/www.ajc.com-wired/online/home_10'</span>)<br>            .getSize().then(<span class="hljs-function"><span class="hljs-keyword">function</span>(<span class="hljs-params">dimension</span>) </span>{<br>                <span class="hljs-keyword">var</span> height = dimension.height;<br>                <span class="hljs-keyword">var</span> width = dimension.width;<br>                <span class="hljs-keyword">if</span> (height == <span class="hljs-number">250</span> &amp;&amp; width == <span class="hljs-number">300</span>) {<br>                    testPass = <span class="hljs-literal">true</span>;<br>                } <span class="hljs-keyword">else</span> <span class="hljs-keyword">if</span> (height == <span class="hljs-number">600</span> &amp;&amp; width == <span class="hljs-number">160</span>) {<br>                    testPass = <span class="hljs-literal">true</span>;<br>                } <span class="hljs-keyword">else</span> <span class="hljs-keyword">if</span> (height == <span class="hljs-number">250</span> &amp;&amp; width == <span class="hljs-number">302</span>) {<br>                    testPass = <span class="hljs-literal">true</span>;<br>                }<br>                assert.equal(testPass, <span class="hljs-literal">true</span>, <span class="hljs-string">"RP03 ad has a height of "</span> + height + <span class="hljs-string">" and a width of "</span> + width);<br>            })</code></pre>
          </div>
          <!-- Test Error Stack -->
          <div class="test-error-stack collapse">
            <pre><code class="hljs small"><span class="hljs-built_in">Error</span>: [elementById(<span class="hljs-string">"google_ads_iframe_11347122/www.ajc.com-wired/online/home_10"</span>)] <span class="hljs-built_in">Error</span> response status: <span class="hljs-number">7</span>, , NoSuchElement - An element could not be located on the page using the given search parameters. Selenium error: no such element: Unable to locate element: {<span class="hljs-string">"method"</span>:<span class="hljs-string">"id"</span>,<span class="hljs-string">"selector"</span>:<span class="hljs-string">"google_ads_iframe_11347122/www.ajc.com-wired/online/home_10"</span>}<br>  (Session info: chrome=<span class="hljs-number">46.0</span><span class="hljs-number">.2490</span><span class="hljs-number">.80</span>)<br>  (Driver info: chromedriver=<span class="hljs-number">2.19</span><span class="hljs-number">.346063</span> (<span class="hljs-number">38</span>b35413bd4a486d436a9749e090454bc9ff6708),platform=Mac OS X <span class="hljs-number">10.11</span><span class="hljs-number">.1</span> x86_64) (WARNING: The server did not provide any stacktrace information)<br>Command duration or timeout: <span class="hljs-number">20</span> milliseconds<br>For documentation on <span class="hljs-keyword">this</span> error, please visit: http:<span class="hljs-comment">//seleniumhq.org/exceptions/no_such_element.html</span><br>Build info: version: <span class="hljs-string">'2.48.2'</span>, revision: <span class="hljs-string">'41bccdd'</span>, time: <span class="hljs-string">'2015-10-09 19:59:12'</span><br>System info: host: <span class="hljs-string">'mroiens-MacBook-Pro.local'</span>, ip: <span class="hljs-string">'192.168.1.22'</span>, os.name: <span class="hljs-string">'Mac OS X'</span>, os.arch: <span class="hljs-string">'x86_64'</span>, os.version: <span class="hljs-string">'10.11.1'</span>, java.version: <span class="hljs-string">'1.8.0_51'</span><br>Driver info: org.openqa.selenium.chrome.ChromeDriver<br>Capabilities [{applicationCacheEnabled=<span class="hljs-literal">false</span>, rotatable=<span class="hljs-literal">false</span>, mobileEmulationEnabled=<span class="hljs-literal">false</span>, chrome={userDataDir=<span class="hljs-regexp">/var/</span>folders/m1/<span class="hljs-number">5</span>df_85t162q75gn4z3_csf6w0000gp/T/.org.chromium.Chromium.gGn9io}, takesHeapSnapshot=<span class="hljs-literal">true</span>, databaseEnabled=<span class="hljs-literal">false</span>, handlesAlerts=<span class="hljs-literal">true</span>, hasTouchScreen=<span class="hljs-literal">false</span>, version=<span class="hljs-number">46.0</span><span class="hljs-number">.2490</span><span class="hljs-number">.80</span>, platform=MAC, browserConnectionEnabled=<span class="hljs-literal">false</span>, nativeEvents=<span class="hljs-literal">true</span>, acceptSslCerts=<span class="hljs-literal">true</span>, locationContextEnabled=<span class="hljs-literal">true</span>, webStorageEnabled=<span class="hljs-literal">true</span>, browserName=chrome, takesScreenshot=<span class="hljs-literal">true</span>, javascriptEnabled=<span class="hljs-literal">true</span>, cssSelectorsEnabled=<span class="hljs-literal">true</span>}]<br>Session ID: <span class="hljs-number">6</span>f25a248dc116c6d2d22360374d8aece<br>*** Element info: {Using=id, value=google_ads_iframe_11347122/www.ajc.com-wired/online/home_10}<br>    at exports.newError (node_modules/wd/lib/utils.js:<span class="hljs-number">139</span>:<span class="hljs-number">13</span>)<br>    at node_modules/wd/lib/callbacks.js:<span class="hljs-number">75</span>:<span class="hljs-number">19</span><br>    at node_modules/wd/lib/webdriver.js:<span class="hljs-number">174</span>:<span class="hljs-number">5</span><br>    at Request._callback (node_modules/wd/lib/http-utils.js:<span class="hljs-number">87</span>:<span class="hljs-number">7</span>)<br>    at Request.self.callback (node_modules/wd/node_modules/request/request.js:<span class="hljs-number">368</span>:<span class="hljs-number">22</span>)<br>    at Request.&lt;anonymous&gt; (node_modules/wd/node_modules/request/request.js:<span class="hljs-number">1219</span>:<span class="hljs-number">14</span>)<br>    at IncomingMessage.&lt;anonymous&gt; (node_modules/wd/node_modules/request/request.js:<span class="hljs-number">1167</span>:<span class="hljs-number">12</span>)<br>    at endReadableNT (_stream_readable.js:<span class="hljs-number">903</span>:<span class="hljs-number">12</span>)</code></pre>
          </div>
        </div>            <div id="24efe2db-819a-406a-8f75-7eff0f197059" class="list-group-item test failed">
          <!-- Test Heading -->
          <div class="test-heading">
            <h4 class="test-title">
              <span class="text-muted hidden"> it </span>
              HP ad has valid width and height dimension of - &#x27;970x90&#x27;, &#x27;950x30&#x27;, &#x27;728x90&#x27;
            </h4>
            <div class="pull-right">
              <button class="btn btn-link btn-sm toggle-btn toggle-code collapsed" data-toggle="collapse" data-target="#24efe2db-819a-406a-8f75-7eff0f197059 > .test-code.collapse">Code</button>
              <span class="test-duration ">399 ms</span>
            </div>
          </div>
          <!-- Test Errors -->
            <p class="test-error-message">Error: [elementById(&quot;google_ads_iframe_11347122/www.ajc.com-wired/online/home_1&quot;)] Error response status: 7, , NoSuchElement - An element could not be located on the page using the given search parameters. Selenium error: no such element: Unable to locate element: {&quot;method&quot;:&quot;id&quot;,&quot;selector&quot;:&quot;google_ads_iframe_11347122/www.ajc.com-wired/online/home_1&quot;}
          (Session info: chrome=46.0.2490.80)
          (Driver info: chromedriver=2.19.346063 (38b35413bd4a486d436a9749e090454bc9ff6708),platform=Mac OS X 10.11.1 x86_64) (WARNING: The server did not provide any stacktrace information)
        Command duration or timeout: 27 milliseconds
        For documentation on this error, please visit: http://seleniumhq.org/exceptions/no_such_element.html
        Build info: version: &#x27;2.48.2&#x27;, revision: &#x27;41bccdd&#x27;, time: &#x27;2015-10-09 19:59:12&#x27;
        System info: host: &#x27;mroiens-MacBook-Pro.local&#x27;, ip: &#x27;192.168.1.22&#x27;, os.name: &#x27;Mac OS X&#x27;, os.arch: &#x27;x86_64&#x27;, os.version: &#x27;10.11.1&#x27;, java.version: &#x27;1.8.0_51&#x27;
        Driver info: org.openqa.selenium.chrome.ChromeDriver
        Capabilities [{applicationCacheEnabled=false, rotatable=false, mobileEmulationEnabled=false, chrome={userDataDir=/var/folders/m1/5df_85t162q75gn4z3_csf6w0000gp/T/.org.chromium.Chromium.gGn9io}, takesHeapSnapshot=true, databaseEnabled=false, handlesAlerts=true, hasTouchScreen=false, version=46.0.2490.80, platform=MAC, browserConnectionEnabled=false, nativeEvents=true, acceptSslCerts=true, locationContextEnabled=true, webStorageEnabled=true, browserName=chrome, takesScreenshot=true, javascriptEnabled=true, cssSelectorsEnabled=true}]
        Session ID: 6f25a248dc116c6d2d22360374d8aece
        *** Element info: {Using=id, value=google_ads_iframe_11347122/www.ajc.com-wired/online/home_1}
              <button class="btn btn-link btn-sm toggle-btn toggle-stack collapsed" data-toggle="collapse" data-target="#24efe2db-819a-406a-8f75-7eff0f197059 > .test-error-stack.collapse">Stack</button>
            </p>
          <!-- Test Code -->
          <div class="test-code collapse">
            <pre><code class="hljs javascript small"><span class="hljs-keyword">var</span> testPass = <span class="hljs-literal">false</span>;<br><span class="hljs-keyword">return</span> driver.elementById(<span class="hljs-string">'google_ads_iframe_11347122/www.ajc.com-wired/online/home_1'</span>)<br>    .getSize().then(<span class="hljs-function"><span class="hljs-keyword">function</span>(<span class="hljs-params">dimension</span>) </span>{<br>        <span class="hljs-keyword">var</span> height = dimension.height;<br>        <span class="hljs-keyword">var</span> width = dimension.width;<br>        <span class="hljs-keyword">if</span> (height == <span class="hljs-number">90</span> &amp;&amp; width == <span class="hljs-number">970</span>) {<br>            testPass = <span class="hljs-literal">true</span>;<br>        } <span class="hljs-keyword">else</span> <span class="hljs-keyword">if</span> (height == <span class="hljs-number">30</span> &amp;&amp; width == <span class="hljs-number">950</span>) {<br>            testPass = <span class="hljs-literal">true</span>;<br>        } <span class="hljs-keyword">else</span> <span class="hljs-keyword">if</span> (height == <span class="hljs-number">90</span> &amp;&amp; width == <span class="hljs-number">728</span>) {<br>            testPass = <span class="hljs-literal">true</span>;<br>        }<br>        assert.equal(testPass, <span class="hljs-literal">true</span>, <span class="hljs-string">"HP ad has a height of "</span> + height + <span class="hljs-string">" and a width of "</span> + width);<br>    });</code></pre>
          </div>
          <!-- Test Error Stack -->
          <div class="test-error-stack collapse">
            <pre><code class="hljs small"><span class="hljs-built_in">Error</span>: [elementById(<span class="hljs-string">"google_ads_iframe_11347122/www.ajc.com-wired/online/home_1"</span>)] <span class="hljs-built_in">Error</span> response status: <span class="hljs-number">7</span>, , NoSuchElement - An element could not be located on the page using the given search parameters. Selenium error: no such element: Unable to locate element: {<span class="hljs-string">"method"</span>:<span class="hljs-string">"id"</span>,<span class="hljs-string">"selector"</span>:<span class="hljs-string">"google_ads_iframe_11347122/www.ajc.com-wired/online/home_1"</span>}<br>  (Session info: chrome=<span class="hljs-number">46.0</span><span class="hljs-number">.2490</span><span class="hljs-number">.80</span>)<br>  (Driver info: chromedriver=<span class="hljs-number">2.19</span><span class="hljs-number">.346063</span> (<span class="hljs-number">38</span>b35413bd4a486d436a9749e090454bc9ff6708),platform=Mac OS X <span class="hljs-number">10.11</span><span class="hljs-number">.1</span> x86_64) (WARNING: The server did not provide any stacktrace information)<br>Command duration or timeout: <span class="hljs-number">27</span> milliseconds<br>For documentation on <span class="hljs-keyword">this</span> error, please visit: http:<span class="hljs-comment">//seleniumhq.org/exceptions/no_such_element.html</span><br>Build info: version: <span class="hljs-string">'2.48.2'</span>, revision: <span class="hljs-string">'41bccdd'</span>, time: <span class="hljs-string">'2015-10-09 19:59:12'</span><br>System info: host: <span class="hljs-string">'mroiens-MacBook-Pro.local'</span>, ip: <span class="hljs-string">'192.168.1.22'</span>, os.name: <span class="hljs-string">'Mac OS X'</span>, os.arch: <span class="hljs-string">'x86_64'</span>, os.version: <span class="hljs-string">'10.11.1'</span>, java.version: <span class="hljs-string">'1.8.0_51'</span><br>Driver info: org.openqa.selenium.chrome.ChromeDriver<br>Capabilities [{applicationCacheEnabled=<span class="hljs-literal">false</span>, rotatable=<span class="hljs-literal">false</span>, mobileEmulationEnabled=<span class="hljs-literal">false</span>, chrome={userDataDir=<span class="hljs-regexp">/var/</span>folders/m1/<span class="hljs-number">5</span>df_85t162q75gn4z3_csf6w0000gp/T/.org.chromium.Chromium.gGn9io}, takesHeapSnapshot=<span class="hljs-literal">true</span>, databaseEnabled=<span class="hljs-literal">false</span>, handlesAlerts=<span class="hljs-literal">true</span>, hasTouchScreen=<span class="hljs-literal">false</span>, version=<span class="hljs-number">46.0</span><span class="hljs-number">.2490</span><span class="hljs-number">.80</span>, platform=MAC, browserConnectionEnabled=<span class="hljs-literal">false</span>, nativeEvents=<span class="hljs-literal">true</span>, acceptSslCerts=<span class="hljs-literal">true</span>, locationContextEnabled=<span class="hljs-literal">true</span>, webStorageEnabled=<span class="hljs-literal">true</span>, browserName=chrome, takesScreenshot=<span class="hljs-literal">true</span>, javascriptEnabled=<span class="hljs-literal">true</span>, cssSelectorsEnabled=<span class="hljs-literal">true</span>}]<br>Session ID: <span class="hljs-number">6</span>f25a248dc116c6d2d22360374d8aece<br>*** Element info: {Using=id, value=google_ads_iframe_11347122/www.ajc.com-wired/online/home_1}<br>    at exports.newError (node_modules/wd/lib/utils.js:<span class="hljs-number">139</span>:<span class="hljs-number">13</span>)<br>    at node_modules/wd/lib/callbacks.js:<span class="hljs-number">75</span>:<span class="hljs-number">19</span><br>    at node_modules/wd/lib/webdriver.js:<span class="hljs-number">174</span>:<span class="hljs-number">5</span><br>    at Request._callback (node_modules/wd/lib/http-utils.js:<span class="hljs-number">87</span>:<span class="hljs-number">7</span>)<br>    at Request.self.callback (node_modules/wd/node_modules/request/request.js:<span class="hljs-number">368</span>:<span class="hljs-number">22</span>)<br>    at Request.&lt;anonymous&gt; (node_modules/wd/node_modules/request/request.js:<span class="hljs-number">1219</span>:<span class="hljs-number">14</span>)<br>    at IncomingMessage.&lt;anonymous&gt; (node_modules/wd/node_modules/request/request.js:<span class="hljs-number">1167</span>:<span class="hljs-number">12</span>)<br>    at endReadableNT (_stream_readable.js:<span class="hljs-number">903</span>:<span class="hljs-number">12</span>)</code></pre>
          </div>
        </div>            <div id="9cf96a54-1e2f-475a-9cc0-fb7d10a6a7dc" class="list-group-item test failed">
          <!-- Test Heading -->
          <div class="test-heading">
            <h4 class="test-title">
              <span class="text-muted hidden"> it </span>
              SWB as has a valid width and height of &#x27;300x250
            </h4>
            <div class="pull-right">
              <button class="btn btn-link btn-sm toggle-btn toggle-code collapsed" data-toggle="collapse" data-target="#9cf96a54-1e2f-475a-9cc0-fb7d10a6a7dc > .test-code.collapse">Code</button>
              <span class="test-duration ">339 ms</span>
            </div>
          </div>
          <!-- Test Errors -->
            <p class="test-error-message">Error: [elementById(&quot;google_ads_iframe_11347122/www.ajc.com-wired/online/home_18&quot;)] Error response status: 7, , NoSuchElement - An element could not be located on the page using the given search parameters. Selenium error: no such element: Unable to locate element: {&quot;method&quot;:&quot;id&quot;,&quot;selector&quot;:&quot;google_ads_iframe_11347122/www.ajc.com-wired/online/home_18&quot;}
          (Session info: chrome=46.0.2490.80)
          (Driver info: chromedriver=2.19.346063 (38b35413bd4a486d436a9749e090454bc9ff6708),platform=Mac OS X 10.11.1 x86_64) (WARNING: The server did not provide any stacktrace information)
        Command duration or timeout: 14 milliseconds
        For documentation on this error, please visit: http://seleniumhq.org/exceptions/no_such_element.html
        Build info: version: &#x27;2.48.2&#x27;, revision: &#x27;41bccdd&#x27;, time: &#x27;2015-10-09 19:59:12&#x27;
        System info: host: &#x27;mroiens-MacBook-Pro.local&#x27;, ip: &#x27;192.168.1.22&#x27;, os.name: &#x27;Mac OS X&#x27;, os.arch: &#x27;x86_64&#x27;, os.version: &#x27;10.11.1&#x27;, java.version: &#x27;1.8.0_51&#x27;
        Driver info: org.openqa.selenium.chrome.ChromeDriver
        Capabilities [{applicationCacheEnabled=false, rotatable=false, mobileEmulationEnabled=false, chrome={userDataDir=/var/folders/m1/5df_85t162q75gn4z3_csf6w0000gp/T/.org.chromium.Chromium.gGn9io}, takesHeapSnapshot=true, databaseEnabled=false, handlesAlerts=true, hasTouchScreen=false, version=46.0.2490.80, platform=MAC, browserConnectionEnabled=false, nativeEvents=true, acceptSslCerts=true, locationContextEnabled=true, webStorageEnabled=true, browserName=chrome, takesScreenshot=true, javascriptEnabled=true, cssSelectorsEnabled=true}]
        Session ID: 6f25a248dc116c6d2d22360374d8aece
        *** Element info: {Using=id, value=google_ads_iframe_11347122/www.ajc.com-wired/online/home_18}
              <button class="btn btn-link btn-sm toggle-btn toggle-stack collapsed" data-toggle="collapse" data-target="#9cf96a54-1e2f-475a-9cc0-fb7d10a6a7dc > .test-error-stack.collapse">Stack</button>
            </p>
          <!-- Test Code -->
          <div class="test-code collapse">
            <pre><code class="hljs javascript small"><span class="hljs-keyword">var</span> testPass = <span class="hljs-literal">false</span>;<br><span class="hljs-keyword">return</span> driver.elementById(<span class="hljs-string">'google_ads_iframe_11347122/www.ajc.com-wired/online/home_18'</span>)<br>    .getSize().then(<span class="hljs-function"><span class="hljs-keyword">function</span>(<span class="hljs-params">dimension</span>) </span>{<br>        <span class="hljs-keyword">var</span> height = dimension.height;<br>        <span class="hljs-keyword">var</span> width = dimension.width;<br>        <span class="hljs-keyword">if</span> (height == <span class="hljs-number">250</span> &amp;&amp; width == <span class="hljs-number">300</span>) {<br>            testPass = <span class="hljs-literal">true</span>;<br>        }<br>        assert.equal(testPass, <span class="hljs-literal">true</span>, <span class="hljs-string">"The size test for SWB failed"</span>);<br>    })</code></pre>
          </div>
          <!-- Test Error Stack -->
          <div class="test-error-stack collapse">
            <pre><code class="hljs small"><span class="hljs-built_in">Error</span>: [elementById(<span class="hljs-string">"google_ads_iframe_11347122/www.ajc.com-wired/online/home_18"</span>)] <span class="hljs-built_in">Error</span> response status: <span class="hljs-number">7</span>, , NoSuchElement - An element could not be located on the page using the given search parameters. Selenium error: no such element: Unable to locate element: {<span class="hljs-string">"method"</span>:<span class="hljs-string">"id"</span>,<span class="hljs-string">"selector"</span>:<span class="hljs-string">"google_ads_iframe_11347122/www.ajc.com-wired/online/home_18"</span>}<br>  (Session info: chrome=<span class="hljs-number">46.0</span><span class="hljs-number">.2490</span><span class="hljs-number">.80</span>)<br>  (Driver info: chromedriver=<span class="hljs-number">2.19</span><span class="hljs-number">.346063</span> (<span class="hljs-number">38</span>b35413bd4a486d436a9749e090454bc9ff6708),platform=Mac OS X <span class="hljs-number">10.11</span><span class="hljs-number">.1</span> x86_64) (WARNING: The server did not provide any stacktrace information)<br>Command duration or timeout: <span class="hljs-number">14</span> milliseconds<br>For documentation on <span class="hljs-keyword">this</span> error, please visit: http:<span class="hljs-comment">//seleniumhq.org/exceptions/no_such_element.html</span><br>Build info: version: <span class="hljs-string">'2.48.2'</span>, revision: <span class="hljs-string">'41bccdd'</span>, time: <span class="hljs-string">'2015-10-09 19:59:12'</span><br>System info: host: <span class="hljs-string">'mroiens-MacBook-Pro.local'</span>, ip: <span class="hljs-string">'192.168.1.22'</span>, os.name: <span class="hljs-string">'Mac OS X'</span>, os.arch: <span class="hljs-string">'x86_64'</span>, os.version: <span class="hljs-string">'10.11.1'</span>, java.version: <span class="hljs-string">'1.8.0_51'</span><br>Driver info: org.openqa.selenium.chrome.ChromeDriver<br>Capabilities [{applicationCacheEnabled=<span class="hljs-literal">false</span>, rotatable=<span class="hljs-literal">false</span>, mobileEmulationEnabled=<span class="hljs-literal">false</span>, chrome={userDataDir=<span class="hljs-regexp">/var/</span>folders/m1/<span class="hljs-number">5</span>df_85t162q75gn4z3_csf6w0000gp/T/.org.chromium.Chromium.gGn9io}, takesHeapSnapshot=<span class="hljs-literal">true</span>, databaseEnabled=<span class="hljs-literal">false</span>, handlesAlerts=<span class="hljs-literal">true</span>, hasTouchScreen=<span class="hljs-literal">false</span>, version=<span class="hljs-number">46.0</span><span class="hljs-number">.2490</span><span class="hljs-number">.80</span>, platform=MAC, browserConnectionEnabled=<span class="hljs-literal">false</span>, nativeEvents=<span class="hljs-literal">true</span>, acceptSslCerts=<span class="hljs-literal">true</span>, locationContextEnabled=<span class="hljs-literal">true</span>, webStorageEnabled=<span class="hljs-literal">true</span>, browserName=chrome, takesScreenshot=<span class="hljs-literal">true</span>, javascriptEnabled=<span class="hljs-literal">true</span>, cssSelectorsEnabled=<span class="hljs-literal">true</span>}]<br>Session ID: <span class="hljs-number">6</span>f25a248dc116c6d2d22360374d8aece<br>*** Element info: {Using=id, value=google_ads_iframe_11347122/www.ajc.com-wired/online/home_18}<br>    at exports.newError (node_modules/wd/lib/utils.js:<span class="hljs-number">139</span>:<span class="hljs-number">13</span>)<br>    at node_modules/wd/lib/callbacks.js:<span class="hljs-number">75</span>:<span class="hljs-number">19</span><br>    at node_modules/wd/lib/webdriver.js:<span class="hljs-number">174</span>:<span class="hljs-number">5</span><br>    at Request._callback (node_modules/wd/lib/http-utils.js:<span class="hljs-number">87</span>:<span class="hljs-number">7</span>)<br>    at Request.self.callback (node_modules/wd/node_modules/request/request.js:<span class="hljs-number">368</span>:<span class="hljs-number">22</span>)<br>    at Request.&lt;anonymous&gt; (node_modules/wd/node_modules/request/request.js:<span class="hljs-number">1219</span>:<span class="hljs-number">14</span>)<br>    at IncomingMessage.&lt;anonymous&gt; (node_modules/wd/node_modules/request/request.js:<span class="hljs-number">1167</span>:<span class="hljs-number">12</span>)<br>    at endReadableNT (_stream_readable.js:<span class="hljs-number">903</span>:<span class="hljs-number">12</span>)</code></pre>
          </div>
        </div>            <div id="ee886a9c-4b67-406e-81db-880aad9dc5d4" class="list-group-item test failed">
          <!-- Test Heading -->
          <div class="test-heading">
            <h4 class="test-title">
              <span class="text-muted hidden"> it </span>
              SWB appears only in odd rows
            </h4>
            <div class="pull-right">
              <button class="btn btn-link btn-sm toggle-btn toggle-code collapsed" data-toggle="collapse" data-target="#ee886a9c-4b67-406e-81db-880aad9dc5d4 > .test-code.collapse">Code</button>
              <span class="test-duration ">1.387 s</span>
            </div>
          </div>
          <!-- Test Errors -->
            <p class="test-error-message">Error: [waitForElementsByClassName(&quot;cm-storycard-ad&quot;)] Element condition wasn&#x27;t satisfied!
              <button class="btn btn-link btn-sm toggle-btn toggle-stack collapsed" data-toggle="collapse" data-target="#ee886a9c-4b67-406e-81db-880aad9dc5d4 > .test-error-stack.collapse">Stack</button>
            </p>
          <!-- Test Code -->
          <div class="test-code collapse">
            <pre><code class="hljs javascript small"><span class="hljs-keyword">return</span> driver.elementByClassName(<span class="hljs-string">'jscroll-inner'</span>).then(<span class="hljs-function"><span class="hljs-keyword">function</span>(<span class="hljs-params"></span>) </span>{<br>            <span class="hljs-keyword">return</span> driver.waitForElementsByClassName(<span class="hljs-string">'cm-storycard-ad'</span>).then(<span class="hljs-function"><span class="hljs-keyword">function</span>(<span class="hljs-params">temp</span>) </span>{<br>                    <span class="hljs-keyword">return</span> temp.length<br>                })<br>                .should.eventually.equal(<span class="hljs-number">1</span>, <span class="hljs-string">"There is more than 1 ad in the group"</span>);<br>        })</code></pre>
          </div>
          <!-- Test Error Stack -->
          <div class="test-error-stack collapse">
            <pre><code class="hljs small">Error: [waitForElementsByClassName("cm-storycard-ad")] Element condition wasn't satisfied!<br>    at node_modules/wd/lib/commands.js:1072:12<br>    at node_modules/wd/lib/commands.js:890:11<br>    at node_modules/wd/lib/commands.js:1059:13<br>    at node_modules/wd/node_modules/async/lib/async.js:396:17<br>    at async.eachSeries (node_modules/wd/node_modules/async/lib/async.js:177:20)<br>    at _asyncMap (node_modules/wd/node_modules/async/lib/async.js:390:13)<br>    at Object.mapSeries (node_modules/wd/node_modules/async/lib/async.js:373:23)<br>    at Object.async.series (node_modules/wd/node_modules/async/lib/async.js:761:19)<br>    at node_modules/wd/lib/commands.js:1057:15<br>    at node_modules/wd/lib/promise-webdriver.js:52:11<br>    at _fulfilled (node_modules/wd/node_modules/q/q.js:834:54)<br>    at self.promiseDispatch.done (node_modules/wd/node_modules/q/q.js:863:30)<br>    at Promise.promise.promiseDispatch (node_modules/wd/node_modules/q/q.js:796:13)<br>    at node_modules/wd/node_modules/q/q.js:604:44<br>    at runSingle (node_modules/wd/node_modules/q/q.js:137:13)<br>    at flush (node_modules/wd/node_modules/q/q.js:125:13)</code></pre>
          </div>
        </div>            <div id="7f778b4d-09cc-438e-9903-1f885ac8751e" class="list-group-item test failed">
          <!-- Test Heading -->
          <div class="test-heading">
            <h4 class="test-title">
              <span class="text-muted hidden"> it </span>
              verify SWL is sized correctly every 3 rows
            </h4>
            <div class="pull-right">
              <button class="btn btn-link btn-sm toggle-btn toggle-code collapsed" data-toggle="collapse" data-target="#7f778b4d-09cc-438e-9903-1f885ac8751e > .test-code.collapse">Code</button>
              <span class="test-duration ">0 ms</span>
            </div>
          </div>
          <!-- Test Errors -->
            <p class="test-error-message">TypeError: driver.executeScript is not a function
              <button class="btn btn-link btn-sm toggle-btn toggle-stack collapsed" data-toggle="collapse" data-target="#7f778b4d-09cc-438e-9903-1f885ac8751e > .test-error-stack.collapse">Stack</button>
            </p>
          <!-- Test Code -->
          <div class="test-code collapse">
            <pre><code class="hljs javascript small"><span class="hljs-keyword">return</span> driver.executeScript(<span class="hljs-string">'window.scrollBy(0,4000)'</span>);</code></pre>
          </div>
          <!-- Test Error Stack -->
          <div class="test-error-stack collapse">
            <pre><code class="hljs small"><span class="hljs-built_in">TypeError</span>: driver.executeScript is not a <span class="hljs-function"><span class="hljs-keyword">function</span><br>    <span class="hljs-title">at</span> <span class="hljs-title">Context</span>.&lt;<span class="hljs-title">anonymous</span>&gt; (<span class="hljs-params">test/index.js:133:23</span>)</span></code></pre>
          </div>
        </div>            <div id="a9ceb939-5544-4f6b-b14b-b363e5a797e6" class="list-group-item test passed">
          <!-- Test Heading -->
          <div class="test-heading">
            <h4 class="test-title">
              <span class="text-muted hidden"> it </span>
              verify that Rotator has 4 slots
            </h4>
            <div class="pull-right">
              <button class="btn btn-link btn-sm toggle-btn toggle-code collapsed" data-toggle="collapse" data-target="#a9ceb939-5544-4f6b-b14b-b363e5a797e6 > .test-code.collapse">Code</button>
              <span class="test-duration fast">44 ms</span>
            </div>
          </div>
          <!-- Test Errors -->
          <!-- Test Code -->
          <div class="test-code collapse">
            <pre><code class="hljs javascript small"><span class="hljs-keyword">return</span> driver<br>    .elementsByClassName(<span class="hljs-string">"cm-media-rotator-nav"</span>).then(<span class="hljs-function"><span class="hljs-keyword">function</span>(<span class="hljs-params">els</span>) </span>{<br>        <span class="hljs-keyword">return</span> els.length<br>    })<br>    .should.eventually.equal(<span class="hljs-number">4</span>);</code></pre>
          </div>
          <!-- Test Error Stack -->
        </div>            <div id="7bd74f7a-28f0-4267-b579-c259f65ccdb9" class="list-group-item test passed">
          <!-- Test Heading -->
          <div class="test-heading">
            <h4 class="test-title">
              <span class="text-muted hidden"> it </span>
              verify that Rotator rotates (&lt;60 seconds)
            </h4>
            <div class="pull-right">
              <button class="btn btn-link btn-sm toggle-btn toggle-code collapsed" data-toggle="collapse" data-target="#7bd74f7a-28f0-4267-b579-c259f65ccdb9 > .test-code.collapse">Code</button>
              <span class="test-duration fast">7 ms</span>
            </div>
          </div>
          <!-- Test Errors -->
          <!-- Test Code -->
          <div class="test-code collapse">
            <pre><code class="hljs javascript small"><span class="hljs-function"><span class="hljs-keyword">function</span> <span class="hljs-title">fetchActive</span>(<span class="hljs-params"></span>) </span>{<br>    <span class="hljs-keyword">return</span> driver.complexFind(<span class="hljs-string">".cm-slide-active_0, .cm-slide-active_1, .cm-slide-active_2, .cm-slide-active_3, .cm-slide-active_4"</span>).then(<span class="hljs-function"><span class="hljs-keyword">function</span>(<span class="hljs-params">el</span>) </span>{<br>        <span class="hljs-keyword">return</span> el;<br>    });<br>}<br><span class="hljs-keyword">var</span> e1 = fetchActive();<br><span class="hljs-keyword">var</span> e2 = setTimeout(fetchActive(), <span class="hljs-number">20000</span>);<br>e1.should.not.equal(e2);</code></pre>
          </div>
          <!-- Test Error Stack -->
        </div>            <div id="b2c5c7fc-726a-4f3a-8738-ddef2b41168f" class="list-group-item test failed">
          <!-- Test Heading -->
          <div class="test-heading">
            <h4 class="test-title">
              <span class="text-muted hidden"> it </span>
              verify Rotator has ad slot NPR03 in 4th slot
            </h4>
            <div class="pull-right">
              <button class="btn btn-link btn-sm toggle-btn toggle-code collapsed" data-toggle="collapse" data-target="#b2c5c7fc-726a-4f3a-8738-ddef2b41168f > .test-code.collapse">Code</button>
              <span class="test-duration ">298 ms</span>
            </div>
          </div>
          <!-- Test Errors -->
            <p class="test-error-message">AssertionError: expected &#x27;&#x27; to equal &#x27;SPONSORED&#x27;
              <button class="btn btn-link btn-sm toggle-btn toggle-stack collapsed" data-toggle="collapse" data-target="#b2c5c7fc-726a-4f3a-8738-ddef2b41168f > .test-error-stack.collapse">Stack</button>
            </p>
          <!-- Test Code -->
          <div class="test-code collapse">
            <pre><code class="hljs javascript small"><span class="hljs-keyword">return</span> driver<br>       .elementById(<span class="hljs-string">"cm-ad-block-npr04"</span>)<br>       .text().then(<span class="hljs-function"><span class="hljs-keyword">function</span>(<span class="hljs-params">txt</span>) </span>{<br>           <span class="hljs-keyword">return</span> txt.split(<span class="hljs-string">"\n"</span>)[<span class="hljs-number">0</span>];<br>       })<br>       .should.eventually.equal(<span class="hljs-string">"SPONSORED"</span>);</code></pre>
          </div>
          <!-- Test Error Stack -->
          <div class="test-error-stack collapse">
            <pre><code class="hljs small">AssertionError: expected <span class="hljs-string">''</span> to equal <span class="hljs-string">'SPONSORED'</span></code></pre>
          </div>
        </div>        </div>
              </div>
            </div>
        
        
          </div>
        </section>
    </div>

    <footer>
      <div class="container">
        <p>Report generated by <a href="http://adamgruber.github.io/mochawesome/" target="_blank">mochawesome</a>.<br>Designed and built by <a href="https://github.com/adamgruber" target="_blank">adamgruber</a>. &copy;2015.</p>
      </div>
    </footer>

    <!-- Scripts -->
    <script src="js/vendor.js"></script>
    <script src="js/mochawesome.js"></script>
  </body>
</html>
